C:\Program Files\Microsoft Visual Studio\2022\Community\MSBuild\Microsoft\VC\v170\Microsoft.CppBuild.targets(531,5): warning MSB8028: 중간 디렉터리(x64\Debug\)에 다른 프로젝트(LabProject.vcxproj)에서 공유하는 파일이 포함되어 있습니다.  이로 인해 잘못된 정리 및 다시 빌드 동작이 수행될 수 있습니다.
  CCore.cpp
  CObject.cpp
  CScene.cpp
  Player.cpp
C:\Users\MSI\Documents\GitHub\Summer-Study\StudyingProject\LabProject\Player.cpp(12,17): warning C4244: '-=': 'double'에서 'float'(으)로 변환하면서 데이터가 손실될 수 있습니다.
C:\Users\MSI\Documents\GitHub\Summer-Study\StudyingProject\LabProject\Player.cpp(16,17): warning C4244: '+=': 'double'에서 'float'(으)로 변환하면서 데이터가 손실될 수 있습니다.
C:\Users\MSI\Documents\GitHub\Summer-Study\StudyingProject\LabProject\Player.cpp(20,17): warning C4244: '+=': 'double'에서 'float'(으)로 변환하면서 데이터가 손실될 수 있습니다.
C:\Users\MSI\Documents\GitHub\Summer-Study\StudyingProject\LabProject\Player.cpp(24,17): warning C4244: '-=': 'double'에서 'float'(으)로 변환하면서 데이터가 손실될 수 있습니다.
  StartScene.cpp
C:\Users\MSI\Documents\GitHub\Summer-Study\StudyingProject\LabProject\StartScene.cpp(22,21): error C2259: 'CObject': 추상 클래스를 인스턴스화할 수 없습니다.
  C:\Users\MSI\Documents\GitHub\Summer-Study\StudyingProject\LabProject\CObject.h(2,7):
  'CObject' 선언을 참조하십시오.
  C:\Users\MSI\Documents\GitHub\Summer-Study\StudyingProject\LabProject\StartScene.cpp(22,21):
  다음 멤버가 원인입니다.
  C:\Users\MSI\Documents\GitHub\Summer-Study\StudyingProject\LabProject\StartScene.cpp(22,21):
  'void CObject::Update(void)': abstract입니다.
  C:\Users\MSI\Documents\GitHub\Summer-Study\StudyingProject\LabProject\CObject.h(17,15):
  'CObject::Update' 선언을 참조하십시오.
  
C:\Users\MSI\Documents\GitHub\Summer-Study\StudyingProject\LabProject\StartScene.cpp(22,17): error C2259: 'CObject': 추상 클래스를 인스턴스화할 수 없습니다.
  C:\Users\MSI\Documents\GitHub\Summer-Study\StudyingProject\LabProject\CObject.h(2,7):
  'CObject' 선언을 참조하십시오.
  C:\Users\MSI\Documents\GitHub\Summer-Study\StudyingProject\LabProject\StartScene.cpp(22,17):
  다음 멤버가 원인입니다.
  C:\Users\MSI\Documents\GitHub\Summer-Study\StudyingProject\LabProject\StartScene.cpp(22,17):
  'void CObject::Update(void)': abstract입니다.
  C:\Users\MSI\Documents\GitHub\Summer-Study\StudyingProject\LabProject\CObject.h(17,15):
  'CObject::Update' 선언을 참조하십시오.
  
